2016-06-13 13:35:23.542, INFO, org.springframework.web.context.ContextLoader, ContextLoader.java, 273, initWebApplicationContext Root WebApplicationContext: initialization started
2016-06-13 13:35:23.601, INFO, com.alibaba.citrus.webx.context.WebxComponentsContext, AbstractApplicationContext.java, 510, prepareRefresh Refreshing Root WebApplicationContext: startup date [Mon Jun 13 13:35:23 CST 2016]; root of context hierarchy
2016-06-13 13:35:25.393, INFO, org.springframework.beans.factory.xml.XmlBeanDefinitionReader, XmlBeanDefinitionReader.java, 315, loadBeanDefinitions Loading XML bean definitions from ServletContext resource [/WEB-INF/webx.xml]
2016-06-13 13:35:26.168, INFO, org.springframework.beans.factory.xml.XmlBeanDefinitionReader, XmlBeanDefinitionReader.java, 315, loadBeanDefinitions Loading XML bean definitions from ServletContext resource [/WEB-INF/common/webx-component-and-root.xml]
2016-06-13 13:35:26.363, INFO, org.springframework.beans.factory.xml.XmlBeanDefinitionReader, XmlBeanDefinitionReader.java, 315, loadBeanDefinitions Loading XML bean definitions from ServletContext resource [/WEB-INF/common/pipeline-exception.xml]
2016-06-13 13:35:26.504, INFO, org.springframework.beans.factory.xml.XmlBeanDefinitionReader, XmlBeanDefinitionReader.java, 315, loadBeanDefinitions Loading XML bean definitions from ServletContext resource [/WEB-INF/common/resources.xml]
2016-06-13 13:35:26.601, INFO, org.springframework.beans.factory.xml.XmlBeanDefinitionReader, XmlBeanDefinitionReader.java, 315, loadBeanDefinitions Loading XML bean definitions from ServletContext resource [/WEB-INF/common/uris.xml]
2016-06-13 13:35:26.715, INFO, org.springframework.beans.factory.xml.XmlBeanDefinitionReader, XmlBeanDefinitionReader.java, 315, loadBeanDefinitions Loading XML bean definitions from class path resource [spring-all.xml]
2016-06-13 13:35:26.738, INFO, org.springframework.beans.factory.xml.XmlBeanDefinitionReader, XmlBeanDefinitionReader.java, 315, loadBeanDefinitions Loading XML bean definitions from class path resource [spring-web.xml]
2016-06-13 13:35:26.856, INFO, org.springframework.beans.factory.config.PropertyPlaceholderConfigurer, PropertiesLoaderSupport.java, 172, loadProperties Loading properties file from URL [file:/Users/wangzhongxing/conf/webx.properties]
2016-06-13 13:35:26.887, INFO, com.alibaba.citrus.webx.config.WebxConfiguration, PropertiesConfigurationSupport.java, 79, init Application is running in Production Mode.
2016-06-13 13:35:27.093, INFO, com.alibaba.citrus.service.upload.UploadService, UploadServiceImpl.java, 97, init Upload Parameters: {
  Repository Path                  = /tmp
  Maximum Request Size             = 120M
  Maximum File Size                = 100M
  Threshold before Writing to File = 20M
  Keep Form Field in Memory        = true
  File Name Key                    = [
                                       [1/1] filename
                                     ]
}
2016-06-13 13:35:27.276, INFO, com.alibaba.citrus.webx.context.WebxComponentsContext, AbstractApplicationContext.java, 1374, postProcessAfterInitialization Bean '(inner bean)#3' of type [class com.alibaba.citrus.springext.util.SpringExtUtil$ConstructorArg] is not eligible for getting processed by all BeanPostProcessors (for example: not eligible for auto-proxying)
2016-06-13 13:35:27.279, INFO, com.alibaba.citrus.webx.context.WebxComponentsContext, AbstractApplicationContext.java, 1374, postProcessAfterInitialization Bean '(inner bean)#3' of type [class com.alibaba.citrus.webx.config.impl.WebxConfigurationImpl] is not eligible for getting processed by all BeanPostProcessors (for example: not eligible for auto-proxying)
2016-06-13 13:35:27.295, INFO, com.alibaba.citrus.springext.support.context.InheritableListableBeanFactory, DefaultListableBeanFactory.java, 598, preInstantiateSingletons Pre-instantiating singletons in com.alibaba.citrus.springext.support.context.InheritableListableBeanFactory@6479f067: defining beans [org.springframework.context.annotation.internalConfigurationAnnotationProcessor,org.springframework.context.annotation.internalAutowiredAnnotationProcessor,org.springframework.context.annotation.internalRequiredAnnotationProcessor,org.springframework.context.annotation.internalCommonAnnotationProcessor,com.alibaba.citrus.service.configuration.support.PropertyPlaceholderConfigurer#0,templateService,mappingRuleService,dataResolverService,exceptionPipeline,resourceLoadingService,uriBrokerService,productionModeSensiblePostProcessor,webxConfiguration,requestContexts,com.alibaba.citrus.service.requestcontext.impl.RequestContextBeanFactoryPostProcessor#0,uploadService,pullService,moduleLoaderService,org.springframework.beans.factory.config.PropertyPlaceholderConfigurer#0,com.alibaba.citrus.webx.context.WebxComponentsLoader$WebxComponentsCreator,org.springframework.context.annotation.ConfigurationClassPostProcessor.importAwareProcessor]; root of factory hierarchy
2016-06-13 13:35:27.418, INFO, com.alibaba.citrus.service.velocity.VelocityEngine, Slf4jLogChute.java, 76, log SpringResourceLoaderAdapter : initialization starting.
2016-06-13 13:35:27.419, INFO, com.alibaba.citrus.service.velocity.VelocityEngine, Slf4jLogChute.java, 76, log SpringResourceLoaderAdapter : set path '/common/templates/'
2016-06-13 13:35:27.419, INFO, com.alibaba.citrus.service.velocity.VelocityEngine, Slf4jLogChute.java, 76, log SpringResourceLoaderAdapter : initialization complete.
2016-06-13 13:35:27.419, INFO, com.alibaba.citrus.service.velocity.VelocityEngine, Slf4jLogChute.java, 76, log PreloadedResourceLoader : initialization starting.
2016-06-13 13:35:27.420, INFO, com.alibaba.citrus.service.velocity.VelocityEngine, Slf4jLogChute.java, 76, log PreloadedResourceLoader : preloaded resources: {
  globalVMs/escape_macros.vm = class path resource [com/alibaba/citrus/service/velocity/support/escape_macros.vm]
}
2016-06-13 13:35:27.420, INFO, com.alibaba.citrus.service.velocity.VelocityEngine, Slf4jLogChute.java, 76, log PreloadedResourceLoader : initialization complete.
2016-06-13 13:35:27.558, INFO, com.alibaba.citrus.service.mappingrule.impl.rule.ExtensionMappingRule, AbstractMappingRule.java, 83, init Initialized extension.input:ExtensionMappingRule with cache disabled
2016-06-13 13:35:27.559, INFO, com.alibaba.citrus.service.mappingrule.impl.rule.ExtensionMappingRule, AbstractMappingRule.java, 83, init Initialized extension.output:ExtensionMappingRule with cache disabled
2016-06-13 13:35:27.619, INFO, com.alibaba.citrus.service.mappingrule.impl.rule.DirectModuleMappingRule, AbstractMappingRule.java, 83, init Initialized action:DirectModuleMappingRule with cache disabled
2016-06-13 13:35:27.619, INFO, com.alibaba.citrus.service.mappingrule.impl.rule.DirectModuleMappingRule, AbstractMappingRule.java, 83, init Initialized screen.notemplate:DirectModuleMappingRule with cache disabled
2016-06-13 13:35:27.627, INFO, com.alibaba.citrus.service.mappingrule.impl.rule.FallbackModuleMappingRule, AbstractMappingRule.java, 83, init Initialized screen:FallbackModuleMappingRule with cache enabled
2016-06-13 13:35:27.638, INFO, com.alibaba.citrus.service.mappingrule.impl.rule.DirectTemplateMappingRule, AbstractMappingRule.java, 83, init Initialized screen.template:DirectTemplateMappingRule with cache disabled
2016-06-13 13:35:27.650, INFO, com.alibaba.citrus.service.mappingrule.impl.rule.FallbackTemplateMappingRule, AbstractMappingRule.java, 83, init Initialized layout.template:FallbackTemplateMappingRule with cache enabled
2016-06-13 13:35:27.651, INFO, com.alibaba.citrus.service.mappingrule.impl.rule.DirectModuleMappingRule, AbstractMappingRule.java, 83, init Initialized control.notemplate:DirectModuleMappingRule with cache disabled
2016-06-13 13:35:27.651, INFO, com.alibaba.citrus.service.mappingrule.impl.rule.FallbackModuleMappingRule, AbstractMappingRule.java, 83, init Initialized control:FallbackModuleMappingRule with cache enabled
2016-06-13 13:35:27.652, INFO, com.alibaba.citrus.service.mappingrule.impl.rule.DirectTemplateMappingRule, AbstractMappingRule.java, 83, init Initialized control.template:DirectTemplateMappingRule with cache disabled
2016-06-13 13:35:28.029, INFO, com.alibaba.citrus.service.pull.PullService, PullServiceImpl.java, 105, init Initialized pull service [key=PullService.pullService] with 14 pre-pulled tools, 9 pre-queued tools and 0 runtime tools
2016-06-13 13:35:28.050, INFO, com.alibaba.citrus.webx.context.WebxComponentsLoader, WebxComponentsLoader.java, 225, logInBothServletAndLoggingSystem Initializing Spring sub WebApplicationContext: home
2016-06-13 13:35:28.050, INFO, com.alibaba.citrus.webx.context.WebxComponentContext, AbstractApplicationContext.java, 510, prepareRefresh Refreshing WebApplicationContext for namespace 'home': startup date [Mon Jun 13 13:35:28 CST 2016]; parent: Root WebApplicationContext
2016-06-13 13:35:29.136, INFO, org.springframework.beans.factory.xml.XmlBeanDefinitionReader, XmlBeanDefinitionReader.java, 315, loadBeanDefinitions Loading XML bean definitions from Resource[WEB-INF/webx-home.xml, loaded by ResourceLoadingService]
2016-06-13 13:35:29.336, INFO, org.springframework.beans.factory.xml.XmlBeanDefinitionReader, XmlBeanDefinitionReader.java, 315, loadBeanDefinitions Loading XML bean definitions from Resource[WEB-INF/common/webx-component-and-root.xml, loaded by ResourceLoadingService]
2016-06-13 13:35:29.430, INFO, org.springframework.beans.factory.xml.XmlBeanDefinitionReader, XmlBeanDefinitionReader.java, 315, loadBeanDefinitions Loading XML bean definitions from Resource[WEB-INF/common/webx-component.xml, loaded by ResourceLoadingService]
2016-06-13 13:35:29.514, INFO, org.springframework.beans.factory.xml.XmlBeanDefinitionReader, XmlBeanDefinitionReader.java, 315, loadBeanDefinitions Loading XML bean definitions from Resource[WEB-INF/common/pipeline.xml, loaded by ResourceLoadingService]
2016-06-13 13:35:29.601, INFO, org.springframework.beans.factory.xml.XmlBeanDefinitionReader, XmlBeanDefinitionReader.java, 315, loadBeanDefinitions Loading XML bean definitions from Resource[WEB-INF/home/form.xml, loaded by ResourceLoadingService]
2016-06-13 13:35:29.732, INFO, com.alibaba.citrus.webx.context.WebxComponentContext, AbstractApplicationContext.java, 1374, postProcessAfterInitialization Bean '(inner bean)' of type [class com.alibaba.citrus.springext.util.SpringExtUtil$ConstructorArg] is not eligible for getting processed by all BeanPostProcessors (for example: not eligible for auto-proxying)
2016-06-13 13:35:29.734, INFO, com.alibaba.citrus.webx.context.WebxComponentContext, AbstractApplicationContext.java, 1374, postProcessAfterInitialization Bean '(inner bean)#1' of type [class com.alibaba.citrus.webx.config.impl.WebxConfigurationImpl$ComponentsConfigImpl] is not eligible for getting processed by all BeanPostProcessors (for example: not eligible for auto-proxying)
2016-06-13 13:35:29.740, INFO, com.alibaba.citrus.webx.config.WebxConfiguration, PropertiesConfigurationSupport.java, 79, init Application is running in Production Mode.
2016-06-13 13:35:29.740, INFO, com.alibaba.citrus.webx.context.WebxComponentContext, AbstractApplicationContext.java, 1374, postProcessAfterInitialization Bean 'webxConfiguration' of type [class com.alibaba.citrus.webx.config.impl.WebxConfigurationImpl] is not eligible for getting processed by all BeanPostProcessors (for example: not eligible for auto-proxying)
2016-06-13 13:35:29.741, INFO, com.alibaba.citrus.webx.context.WebxComponentContext, AbstractApplicationContext.java, 1374, postProcessAfterInitialization Bean '(inner bean)' of type [class com.alibaba.citrus.webx.config.impl.WebxConfigurationImpl] is not eligible for getting processed by all BeanPostProcessors (for example: not eligible for auto-proxying)
2016-06-13 13:35:29.743, INFO, com.alibaba.citrus.springext.support.context.InheritableListableBeanFactory, DefaultListableBeanFactory.java, 598, preInstantiateSingletons Pre-instantiating singletons in com.alibaba.citrus.springext.support.context.InheritableListableBeanFactory@90da34e: defining beans [org.springframework.context.annotation.internalConfigurationAnnotationProcessor,org.springframework.context.annotation.internalAutowiredAnnotationProcessor,org.springframework.context.annotation.internalRequiredAnnotationProcessor,org.springframework.context.annotation.internalCommonAnnotationProcessor,com.alibaba.citrus.service.configuration.support.PropertyPlaceholderConfigurer#0,templateService,mappingRuleService,dataResolverService,productionModeSensiblePostProcessor,webxConfiguration,pullService,pipeline,formService,moduleLoaderService,pageAuthorizationService,org.springframework.context.annotation.ConfigurationClassPostProcessor.importAwareProcessor]; parent: com.alibaba.citrus.springext.support.context.InheritableListableBeanFactory@6479f067
2016-06-13 13:35:29.751, INFO, com.alibaba.citrus.service.velocity.VelocityEngine, Slf4jLogChute.java, 76, log SpringResourceLoaderAdapter : initialization starting.
2016-06-13 13:35:29.751, INFO, com.alibaba.citrus.service.velocity.VelocityEngine, Slf4jLogChute.java, 76, log SpringResourceLoaderAdapter : set path '/home/templates/'
2016-06-13 13:35:29.751, INFO, com.alibaba.citrus.service.velocity.VelocityEngine, Slf4jLogChute.java, 76, log SpringResourceLoaderAdapter : initialization complete.
2016-06-13 13:35:29.752, INFO, com.alibaba.citrus.service.velocity.VelocityEngine, Slf4jLogChute.java, 76, log PreloadedResourceLoader : initialization starting.
2016-06-13 13:35:29.752, INFO, com.alibaba.citrus.service.velocity.VelocityEngine, Slf4jLogChute.java, 76, log PreloadedResourceLoader : preloaded resources: {
  globalVMs/escape_macros.vm = class path resource [com/alibaba/citrus/service/velocity/support/escape_macros.vm]
}
2016-06-13 13:35:29.752, INFO, com.alibaba.citrus.service.velocity.VelocityEngine, Slf4jLogChute.java, 76, log PreloadedResourceLoader : initialization complete.
2016-06-13 13:35:29.768, INFO, com.alibaba.citrus.service.mappingrule.impl.rule.ExtensionMappingRule, AbstractMappingRule.java, 83, init Initialized extension.input:ExtensionMappingRule with cache disabled
2016-06-13 13:35:29.769, INFO, com.alibaba.citrus.service.mappingrule.impl.rule.ExtensionMappingRule, AbstractMappingRule.java, 83, init Initialized extension.output:ExtensionMappingRule with cache disabled
2016-06-13 13:35:29.888, INFO, com.alibaba.citrus.service.mappingrule.impl.rule.DirectModuleMappingRule, AbstractMappingRule.java, 83, init Initialized action:DirectModuleMappingRule with cache disabled
2016-06-13 13:35:29.888, INFO, com.alibaba.citrus.service.mappingrule.impl.rule.DirectModuleMappingRule, AbstractMappingRule.java, 83, init Initialized screen.notemplate:DirectModuleMappingRule with cache disabled
2016-06-13 13:35:29.889, INFO, com.alibaba.citrus.service.mappingrule.impl.rule.FallbackModuleMappingRule, AbstractMappingRule.java, 83, init Initialized screen:FallbackModuleMappingRule with cache enabled
2016-06-13 13:35:29.890, INFO, com.alibaba.citrus.service.mappingrule.impl.rule.DirectTemplateMappingRule, AbstractMappingRule.java, 83, init Initialized screen.template:DirectTemplateMappingRule with cache disabled
2016-06-13 13:35:29.891, INFO, com.alibaba.citrus.service.mappingrule.impl.rule.FallbackTemplateMappingRule, AbstractMappingRule.java, 83, init Initialized layout.template:FallbackTemplateMappingRule with cache enabled
2016-06-13 13:35:29.892, INFO, com.alibaba.citrus.service.mappingrule.impl.rule.DirectModuleMappingRule, AbstractMappingRule.java, 83, init Initialized control.notemplate:DirectModuleMappingRule with cache disabled
2016-06-13 13:35:29.892, INFO, com.alibaba.citrus.service.mappingrule.impl.rule.FallbackModuleMappingRule, AbstractMappingRule.java, 83, init Initialized control:FallbackModuleMappingRule with cache enabled
2016-06-13 13:35:29.893, INFO, com.alibaba.citrus.service.mappingrule.impl.rule.DirectTemplateMappingRule, AbstractMappingRule.java, 83, init Initialized control.template:DirectTemplateMappingRule with cache disabled
2016-06-13 13:35:29.915, INFO, com.alibaba.citrus.service.pull.PullService, PullServiceImpl.java, 105, init Initialized pull service [key=PullService.pullService.1] with 16 pre-pulled tools, 9 pre-queued tools and 0 runtime tools
2016-06-13 13:35:30.037, INFO, com.alibaba.citrus.webx.context.WebxComponentsLoader, WebxComponentsLoader.java, 225, logInBothServletAndLoggingSystem Initializing Spring sub WebApplicationContext: login
2016-06-13 13:35:30.038, INFO, com.alibaba.citrus.webx.context.WebxComponentContext, AbstractApplicationContext.java, 510, prepareRefresh Refreshing WebApplicationContext for namespace 'login': startup date [Mon Jun 13 13:35:30 CST 2016]; parent: Root WebApplicationContext
2016-06-13 13:35:30.972, INFO, org.springframework.beans.factory.xml.XmlBeanDefinitionReader, XmlBeanDefinitionReader.java, 315, loadBeanDefinitions Loading XML bean definitions from Resource[WEB-INF/webx-login.xml, loaded by ResourceLoadingService]
2016-06-13 13:35:31.089, INFO, org.springframework.beans.factory.xml.XmlBeanDefinitionReader, XmlBeanDefinitionReader.java, 315, loadBeanDefinitions Loading XML bean definitions from Resource[WEB-INF/common/webx-component-and-root.xml, loaded by ResourceLoadingService]
2016-06-13 13:35:31.259, INFO, org.springframework.beans.factory.xml.XmlBeanDefinitionReader, XmlBeanDefinitionReader.java, 315, loadBeanDefinitions Loading XML bean definitions from Resource[WEB-INF/common/webx-component.xml, loaded by ResourceLoadingService]
2016-06-13 13:35:31.324, INFO, org.springframework.beans.factory.xml.XmlBeanDefinitionReader, XmlBeanDefinitionReader.java, 315, loadBeanDefinitions Loading XML bean definitions from Resource[WEB-INF/common/pipeline.xml, loaded by ResourceLoadingService]
2016-06-13 13:35:31.386, INFO, org.springframework.beans.factory.xml.XmlBeanDefinitionReader, XmlBeanDefinitionReader.java, 315, loadBeanDefinitions Loading XML bean definitions from Resource[WEB-INF/home/form.xml, loaded by ResourceLoadingService]
2016-06-13 13:35:31.481, INFO, com.alibaba.citrus.webx.context.WebxComponentContext, AbstractApplicationContext.java, 1374, postProcessAfterInitialization Bean '(inner bean)' of type [class com.alibaba.citrus.springext.util.SpringExtUtil$ConstructorArg] is not eligible for getting processed by all BeanPostProcessors (for example: not eligible for auto-proxying)
2016-06-13 13:35:31.484, INFO, com.alibaba.citrus.webx.context.WebxComponentContext, AbstractApplicationContext.java, 1374, postProcessAfterInitialization Bean '(inner bean)#1' of type [class com.alibaba.citrus.webx.config.impl.WebxConfigurationImpl$ComponentsConfigImpl] is not eligible for getting processed by all BeanPostProcessors (for example: not eligible for auto-proxying)
2016-06-13 13:35:31.484, INFO, com.alibaba.citrus.webx.config.WebxConfiguration, PropertiesConfigurationSupport.java, 79, init Application is running in Production Mode.
2016-06-13 13:35:31.485, INFO, com.alibaba.citrus.webx.context.WebxComponentContext, AbstractApplicationContext.java, 1374, postProcessAfterInitialization Bean 'webxConfiguration' of type [class com.alibaba.citrus.webx.config.impl.WebxConfigurationImpl] is not eligible for getting processed by all BeanPostProcessors (for example: not eligible for auto-proxying)
2016-06-13 13:35:31.485, INFO, com.alibaba.citrus.webx.context.WebxComponentContext, AbstractApplicationContext.java, 1374, postProcessAfterInitialization Bean '(inner bean)' of type [class com.alibaba.citrus.webx.config.impl.WebxConfigurationImpl] is not eligible for getting processed by all BeanPostProcessors (for example: not eligible for auto-proxying)
2016-06-13 13:35:31.488, INFO, com.alibaba.citrus.springext.support.context.InheritableListableBeanFactory, DefaultListableBeanFactory.java, 598, preInstantiateSingletons Pre-instantiating singletons in com.alibaba.citrus.springext.support.context.InheritableListableBeanFactory@531ee090: defining beans [org.springframework.context.annotation.internalConfigurationAnnotationProcessor,org.springframework.context.annotation.internalAutowiredAnnotationProcessor,org.springframework.context.annotation.internalRequiredAnnotationProcessor,org.springframework.context.annotation.internalCommonAnnotationProcessor,com.alibaba.citrus.service.configuration.support.PropertyPlaceholderConfigurer#0,templateService,mappingRuleService,dataResolverService,productionModeSensiblePostProcessor,webxConfiguration,pullService,pipeline,formService,module.screen.Index,module.screen.Login,moduleLoaderService,pageAuthorizationService,org.springframework.context.annotation.ConfigurationClassPostProcessor.importAwareProcessor]; parent: com.alibaba.citrus.springext.support.context.InheritableListableBeanFactory@6479f067
2016-06-13 13:35:31.494, INFO, com.alibaba.citrus.service.velocity.VelocityEngine, Slf4jLogChute.java, 76, log SpringResourceLoaderAdapter : initialization starting.
2016-06-13 13:35:31.494, INFO, com.alibaba.citrus.service.velocity.VelocityEngine, Slf4jLogChute.java, 76, log SpringResourceLoaderAdapter : set path '/login/templates/'
2016-06-13 13:35:31.494, INFO, com.alibaba.citrus.service.velocity.VelocityEngine, Slf4jLogChute.java, 76, log SpringResourceLoaderAdapter : initialization complete.
2016-06-13 13:35:31.495, INFO, com.alibaba.citrus.service.velocity.VelocityEngine, Slf4jLogChute.java, 76, log PreloadedResourceLoader : initialization starting.
2016-06-13 13:35:31.495, INFO, com.alibaba.citrus.service.velocity.VelocityEngine, Slf4jLogChute.java, 76, log PreloadedResourceLoader : preloaded resources: {
  globalVMs/escape_macros.vm = class path resource [com/alibaba/citrus/service/velocity/support/escape_macros.vm]
}
2016-06-13 13:35:31.495, INFO, com.alibaba.citrus.service.velocity.VelocityEngine, Slf4jLogChute.java, 76, log PreloadedResourceLoader : initialization complete.
2016-06-13 13:35:31.508, INFO, com.alibaba.citrus.service.mappingrule.impl.rule.ExtensionMappingRule, AbstractMappingRule.java, 83, init Initialized extension.input:ExtensionMappingRule with cache disabled
2016-06-13 13:35:31.509, INFO, com.alibaba.citrus.service.mappingrule.impl.rule.ExtensionMappingRule, AbstractMappingRule.java, 83, init Initialized extension.output:ExtensionMappingRule with cache disabled
2016-06-13 13:35:31.530, INFO, com.alibaba.citrus.service.mappingrule.impl.rule.DirectModuleMappingRule, AbstractMappingRule.java, 83, init Initialized action:DirectModuleMappingRule with cache disabled
2016-06-13 13:35:31.531, INFO, com.alibaba.citrus.service.mappingrule.impl.rule.DirectModuleMappingRule, AbstractMappingRule.java, 83, init Initialized screen.notemplate:DirectModuleMappingRule with cache disabled
2016-06-13 13:35:31.532, INFO, com.alibaba.citrus.service.mappingrule.impl.rule.FallbackModuleMappingRule, AbstractMappingRule.java, 83, init Initialized screen:FallbackModuleMappingRule with cache enabled
2016-06-13 13:35:31.534, INFO, com.alibaba.citrus.service.mappingrule.impl.rule.DirectTemplateMappingRule, AbstractMappingRule.java, 83, init Initialized screen.template:DirectTemplateMappingRule with cache disabled
2016-06-13 13:35:31.535, INFO, com.alibaba.citrus.service.mappingrule.impl.rule.FallbackTemplateMappingRule, AbstractMappingRule.java, 83, init Initialized layout.template:FallbackTemplateMappingRule with cache enabled
2016-06-13 13:35:31.536, INFO, com.alibaba.citrus.service.mappingrule.impl.rule.DirectModuleMappingRule, AbstractMappingRule.java, 83, init Initialized control.notemplate:DirectModuleMappingRule with cache disabled
2016-06-13 13:35:31.536, INFO, com.alibaba.citrus.service.mappingrule.impl.rule.FallbackModuleMappingRule, AbstractMappingRule.java, 83, init Initialized control:FallbackModuleMappingRule with cache enabled
2016-06-13 13:35:31.537, INFO, com.alibaba.citrus.service.mappingrule.impl.rule.DirectTemplateMappingRule, AbstractMappingRule.java, 83, init Initialized control.template:DirectTemplateMappingRule with cache disabled
2016-06-13 13:35:31.544, INFO, com.alibaba.citrus.service.pull.PullService, PullServiceImpl.java, 105, init Initialized pull service [key=PullService.pullService.2] with 16 pre-pulled tools, 9 pre-queued tools and 0 runtime tools
2016-06-13 13:35:31.567, INFO, com.alibaba.citrus.webx.context.WebxComponentsLoader, WebxComponentsLoader.java, 225, logInBothServletAndLoggingSystem WebxComponents: initialization completed
2016-06-13 13:35:31.567, INFO, org.springframework.web.context.ContextLoader, ContextLoader.java, 313, initWebApplicationContext Root WebApplicationContext: initialization completed in 8016 ms
2016-06-13 13:35:31.569, INFO, com.alibaba.citrus.webx.servlet.SetLoggingContextFilter, FilterBean.java, 105, logInBothServletAndLoggingSystem Initializing filter: mdc
2016-06-13 13:35:31.571, INFO, com.alibaba.citrus.webx.servlet.SetLoggingContextFilter, FilterBean.java, 105, logInBothServletAndLoggingSystem SetLoggingContextFilter - mdc: initialization completed
2016-06-13 13:35:31.572, INFO, com.alibaba.citrus.webx.servlet.WebxFrameworkFilter, FilterBean.java, 105, logInBothServletAndLoggingSystem Initializing filter: webx
2016-06-13 13:35:31.579, INFO, com.alibaba.citrus.webx.servlet.WebxFrameworkFilter, FilterBean.java, 105, logInBothServletAndLoggingSystem WebxFrameworkFilter - webx: initialization completed
