2016-06-12 12:35:08.382, INFO, org.springframework.web.context.ContextLoader, ContextLoader.java, 273, initWebApplicationContext Root WebApplicationContext: initialization started
2016-06-12 12:35:08.424, INFO, com.alibaba.citrus.webx.context.WebxComponentsContext, AbstractApplicationContext.java, 510, prepareRefresh Refreshing Root WebApplicationContext: startup date [Sun Jun 12 12:35:08 CST 2016]; root of context hierarchy
2016-06-12 12:35:10.238, INFO, org.springframework.beans.factory.xml.XmlBeanDefinitionReader, XmlBeanDefinitionReader.java, 315, loadBeanDefinitions Loading XML bean definitions from ServletContext resource [/WEB-INF/webx.xml]
2016-06-12 12:35:10.992, INFO, org.springframework.beans.factory.xml.XmlBeanDefinitionReader, XmlBeanDefinitionReader.java, 315, loadBeanDefinitions Loading XML bean definitions from ServletContext resource [/WEB-INF/common/webx-component-and-root.xml]
2016-06-12 12:35:11.220, INFO, org.springframework.beans.factory.xml.XmlBeanDefinitionReader, XmlBeanDefinitionReader.java, 315, loadBeanDefinitions Loading XML bean definitions from ServletContext resource [/WEB-INF/common/pipeline-exception.xml]
2016-06-12 12:35:11.361, INFO, org.springframework.beans.factory.xml.XmlBeanDefinitionReader, XmlBeanDefinitionReader.java, 315, loadBeanDefinitions Loading XML bean definitions from ServletContext resource [/WEB-INF/common/resources.xml]
2016-06-12 12:35:11.459, INFO, org.springframework.beans.factory.xml.XmlBeanDefinitionReader, XmlBeanDefinitionReader.java, 315, loadBeanDefinitions Loading XML bean definitions from ServletContext resource [/WEB-INF/common/uris.xml]
2016-06-12 12:35:11.568, INFO, org.springframework.beans.factory.xml.XmlBeanDefinitionReader, XmlBeanDefinitionReader.java, 315, loadBeanDefinitions Loading XML bean definitions from class path resource [spring-all.xml]
2016-06-12 12:35:11.590, INFO, org.springframework.beans.factory.xml.XmlBeanDefinitionReader, XmlBeanDefinitionReader.java, 315, loadBeanDefinitions Loading XML bean definitions from class path resource [spring-web.xml]
2016-06-12 12:35:11.703, INFO, org.springframework.beans.factory.config.PropertyPlaceholderConfigurer, PropertiesLoaderSupport.java, 172, loadProperties Loading properties file from URL [file:/Users/wangzhongxing/conf/webx.properties]
2016-06-12 12:35:11.734, INFO, com.alibaba.citrus.webx.config.WebxConfiguration, PropertiesConfigurationSupport.java, 79, init Application is running in Production Mode.
2016-06-12 12:35:11.916, INFO, com.alibaba.citrus.service.upload.UploadService, UploadServiceImpl.java, 97, init Upload Parameters: {
  Repository Path                  = /tmp
  Maximum Request Size             = 120M
  Maximum File Size                = 100M
  Threshold before Writing to File = 20M
  Keep Form Field in Memory        = true
  File Name Key                    = [
                                       [1/1] filename
                                     ]
}
2016-06-12 12:35:12.072, INFO, com.alibaba.citrus.webx.context.WebxComponentsContext, AbstractApplicationContext.java, 1374, postProcessAfterInitialization Bean '(inner bean)#3' of type [class com.alibaba.citrus.springext.util.SpringExtUtil$ConstructorArg] is not eligible for getting processed by all BeanPostProcessors (for example: not eligible for auto-proxying)
2016-06-12 12:35:12.074, INFO, com.alibaba.citrus.webx.context.WebxComponentsContext, AbstractApplicationContext.java, 1374, postProcessAfterInitialization Bean '(inner bean)#3' of type [class com.alibaba.citrus.webx.config.impl.WebxConfigurationImpl] is not eligible for getting processed by all BeanPostProcessors (for example: not eligible for auto-proxying)
2016-06-12 12:35:12.088, INFO, com.alibaba.citrus.springext.support.context.InheritableListableBeanFactory, DefaultListableBeanFactory.java, 598, preInstantiateSingletons Pre-instantiating singletons in com.alibaba.citrus.springext.support.context.InheritableListableBeanFactory@6f6be0ed: defining beans [org.springframework.context.annotation.internalConfigurationAnnotationProcessor,org.springframework.context.annotation.internalAutowiredAnnotationProcessor,org.springframework.context.annotation.internalRequiredAnnotationProcessor,org.springframework.context.annotation.internalCommonAnnotationProcessor,com.alibaba.citrus.service.configuration.support.PropertyPlaceholderConfigurer#0,templateService,mappingRuleService,dataResolverService,exceptionPipeline,resourceLoadingService,uriBrokerService,productionModeSensiblePostProcessor,webxConfiguration,requestContexts,com.alibaba.citrus.service.requestcontext.impl.RequestContextBeanFactoryPostProcessor#0,uploadService,pullService,moduleLoaderService,org.springframework.beans.factory.config.PropertyPlaceholderConfigurer#0,com.alibaba.citrus.webx.context.WebxComponentsLoader$WebxComponentsCreator,org.springframework.context.annotation.ConfigurationClassPostProcessor.importAwareProcessor]; root of factory hierarchy
2016-06-12 12:35:12.218, INFO, com.alibaba.citrus.service.velocity.VelocityEngine, Slf4jLogChute.java, 76, log SpringResourceLoaderAdapter : initialization starting.
2016-06-12 12:35:12.218, INFO, com.alibaba.citrus.service.velocity.VelocityEngine, Slf4jLogChute.java, 76, log SpringResourceLoaderAdapter : set path '/common/templates/'
2016-06-12 12:35:12.218, INFO, com.alibaba.citrus.service.velocity.VelocityEngine, Slf4jLogChute.java, 76, log SpringResourceLoaderAdapter : initialization complete.
2016-06-12 12:35:12.219, INFO, com.alibaba.citrus.service.velocity.VelocityEngine, Slf4jLogChute.java, 76, log PreloadedResourceLoader : initialization starting.
2016-06-12 12:35:12.219, INFO, com.alibaba.citrus.service.velocity.VelocityEngine, Slf4jLogChute.java, 76, log PreloadedResourceLoader : preloaded resources: {
  globalVMs/escape_macros.vm = class path resource [com/alibaba/citrus/service/velocity/support/escape_macros.vm]
}
2016-06-12 12:35:12.219, INFO, com.alibaba.citrus.service.velocity.VelocityEngine, Slf4jLogChute.java, 76, log PreloadedResourceLoader : initialization complete.
2016-06-12 12:35:12.374, INFO, com.alibaba.citrus.service.mappingrule.impl.rule.ExtensionMappingRule, AbstractMappingRule.java, 83, init Initialized extension.input:ExtensionMappingRule with cache disabled
2016-06-12 12:35:12.375, INFO, com.alibaba.citrus.service.mappingrule.impl.rule.ExtensionMappingRule, AbstractMappingRule.java, 83, init Initialized extension.output:ExtensionMappingRule with cache disabled
2016-06-12 12:35:12.438, INFO, com.alibaba.citrus.service.mappingrule.impl.rule.DirectModuleMappingRule, AbstractMappingRule.java, 83, init Initialized action:DirectModuleMappingRule with cache disabled
2016-06-12 12:35:12.439, INFO, com.alibaba.citrus.service.mappingrule.impl.rule.DirectModuleMappingRule, AbstractMappingRule.java, 83, init Initialized screen.notemplate:DirectModuleMappingRule with cache disabled
2016-06-12 12:35:12.447, INFO, com.alibaba.citrus.service.mappingrule.impl.rule.FallbackModuleMappingRule, AbstractMappingRule.java, 83, init Initialized screen:FallbackModuleMappingRule with cache enabled
2016-06-12 12:35:12.454, INFO, com.alibaba.citrus.service.mappingrule.impl.rule.DirectTemplateMappingRule, AbstractMappingRule.java, 83, init Initialized screen.template:DirectTemplateMappingRule with cache disabled
2016-06-12 12:35:12.464, INFO, com.alibaba.citrus.service.mappingrule.impl.rule.FallbackTemplateMappingRule, AbstractMappingRule.java, 83, init Initialized layout.template:FallbackTemplateMappingRule with cache enabled
2016-06-12 12:35:12.464, INFO, com.alibaba.citrus.service.mappingrule.impl.rule.DirectModuleMappingRule, AbstractMappingRule.java, 83, init Initialized control.notemplate:DirectModuleMappingRule with cache disabled
2016-06-12 12:35:12.465, INFO, com.alibaba.citrus.service.mappingrule.impl.rule.FallbackModuleMappingRule, AbstractMappingRule.java, 83, init Initialized control:FallbackModuleMappingRule with cache enabled
2016-06-12 12:35:12.465, INFO, com.alibaba.citrus.service.mappingrule.impl.rule.DirectTemplateMappingRule, AbstractMappingRule.java, 83, init Initialized control.template:DirectTemplateMappingRule with cache disabled
2016-06-12 12:35:12.930, INFO, com.alibaba.citrus.service.pull.PullService, PullServiceImpl.java, 105, init Initialized pull service [key=PullService.pullService] with 14 pre-pulled tools, 9 pre-queued tools and 0 runtime tools
2016-06-12 12:35:12.953, INFO, com.alibaba.citrus.webx.context.WebxComponentsLoader, WebxComponentsLoader.java, 225, logInBothServletAndLoggingSystem Initializing Spring sub WebApplicationContext: home
2016-06-12 12:35:12.953, INFO, com.alibaba.citrus.webx.context.WebxComponentContext, AbstractApplicationContext.java, 510, prepareRefresh Refreshing WebApplicationContext for namespace 'home': startup date [Sun Jun 12 12:35:12 CST 2016]; parent: Root WebApplicationContext
2016-06-12 12:35:14.028, INFO, org.springframework.beans.factory.xml.XmlBeanDefinitionReader, XmlBeanDefinitionReader.java, 315, loadBeanDefinitions Loading XML bean definitions from Resource[WEB-INF/webx-home.xml, loaded by ResourceLoadingService]
2016-06-12 12:35:14.205, INFO, org.springframework.beans.factory.xml.XmlBeanDefinitionReader, XmlBeanDefinitionReader.java, 315, loadBeanDefinitions Loading XML bean definitions from Resource[WEB-INF/common/webx-component-and-root.xml, loaded by ResourceLoadingService]
2016-06-12 12:35:14.296, INFO, org.springframework.beans.factory.xml.XmlBeanDefinitionReader, XmlBeanDefinitionReader.java, 315, loadBeanDefinitions Loading XML bean definitions from Resource[WEB-INF/common/webx-component.xml, loaded by ResourceLoadingService]
2016-06-12 12:35:14.383, INFO, org.springframework.beans.factory.xml.XmlBeanDefinitionReader, XmlBeanDefinitionReader.java, 315, loadBeanDefinitions Loading XML bean definitions from Resource[WEB-INF/common/pipeline.xml, loaded by ResourceLoadingService]
2016-06-12 12:35:14.512, INFO, org.springframework.beans.factory.xml.XmlBeanDefinitionReader, XmlBeanDefinitionReader.java, 315, loadBeanDefinitions Loading XML bean definitions from Resource[WEB-INF/home/form.xml, loaded by ResourceLoadingService]
2016-06-12 12:35:14.628, INFO, com.alibaba.citrus.webx.context.WebxComponentContext, AbstractApplicationContext.java, 1374, postProcessAfterInitialization Bean '(inner bean)' of type [class com.alibaba.citrus.springext.util.SpringExtUtil$ConstructorArg] is not eligible for getting processed by all BeanPostProcessors (for example: not eligible for auto-proxying)
2016-06-12 12:35:14.632, INFO, com.alibaba.citrus.webx.context.WebxComponentContext, AbstractApplicationContext.java, 1374, postProcessAfterInitialization Bean '(inner bean)#1' of type [class com.alibaba.citrus.webx.config.impl.WebxConfigurationImpl$ComponentsConfigImpl] is not eligible for getting processed by all BeanPostProcessors (for example: not eligible for auto-proxying)
2016-06-12 12:35:14.632, INFO, com.alibaba.citrus.webx.config.WebxConfiguration, PropertiesConfigurationSupport.java, 79, init Application is running in Production Mode.
2016-06-12 12:35:14.633, INFO, com.alibaba.citrus.webx.context.WebxComponentContext, AbstractApplicationContext.java, 1374, postProcessAfterInitialization Bean 'webxConfiguration' of type [class com.alibaba.citrus.webx.config.impl.WebxConfigurationImpl] is not eligible for getting processed by all BeanPostProcessors (for example: not eligible for auto-proxying)
2016-06-12 12:35:14.633, INFO, com.alibaba.citrus.webx.context.WebxComponentContext, AbstractApplicationContext.java, 1374, postProcessAfterInitialization Bean '(inner bean)' of type [class com.alibaba.citrus.webx.config.impl.WebxConfigurationImpl] is not eligible for getting processed by all BeanPostProcessors (for example: not eligible for auto-proxying)
2016-06-12 12:35:14.636, INFO, com.alibaba.citrus.springext.support.context.InheritableListableBeanFactory, DefaultListableBeanFactory.java, 598, preInstantiateSingletons Pre-instantiating singletons in com.alibaba.citrus.springext.support.context.InheritableListableBeanFactory@779dbdd5: defining beans [org.springframework.context.annotation.internalConfigurationAnnotationProcessor,org.springframework.context.annotation.internalAutowiredAnnotationProcessor,org.springframework.context.annotation.internalRequiredAnnotationProcessor,org.springframework.context.annotation.internalCommonAnnotationProcessor,com.alibaba.citrus.service.configuration.support.PropertyPlaceholderConfigurer#0,templateService,mappingRuleService,dataResolverService,productionModeSensiblePostProcessor,webxConfiguration,pullService,pipeline,formService,moduleLoaderService,pageAuthorizationService,org.springframework.context.annotation.ConfigurationClassPostProcessor.importAwareProcessor]; parent: com.alibaba.citrus.springext.support.context.InheritableListableBeanFactory@6f6be0ed
2016-06-12 12:35:14.643, INFO, com.alibaba.citrus.service.velocity.VelocityEngine, Slf4jLogChute.java, 76, log SpringResourceLoaderAdapter : initialization starting.
2016-06-12 12:35:14.643, INFO, com.alibaba.citrus.service.velocity.VelocityEngine, Slf4jLogChute.java, 76, log SpringResourceLoaderAdapter : set path '/home/templates/'
2016-06-12 12:35:14.643, INFO, com.alibaba.citrus.service.velocity.VelocityEngine, Slf4jLogChute.java, 76, log SpringResourceLoaderAdapter : initialization complete.
2016-06-12 12:35:14.644, INFO, com.alibaba.citrus.service.velocity.VelocityEngine, Slf4jLogChute.java, 76, log PreloadedResourceLoader : initialization starting.
2016-06-12 12:35:14.644, INFO, com.alibaba.citrus.service.velocity.VelocityEngine, Slf4jLogChute.java, 76, log PreloadedResourceLoader : preloaded resources: {
  globalVMs/escape_macros.vm = class path resource [com/alibaba/citrus/service/velocity/support/escape_macros.vm]
}
2016-06-12 12:35:14.644, INFO, com.alibaba.citrus.service.velocity.VelocityEngine, Slf4jLogChute.java, 76, log PreloadedResourceLoader : initialization complete.
2016-06-12 12:35:14.689, INFO, com.alibaba.citrus.service.mappingrule.impl.rule.ExtensionMappingRule, AbstractMappingRule.java, 83, init Initialized extension.input:ExtensionMappingRule with cache disabled
2016-06-12 12:35:14.689, INFO, com.alibaba.citrus.service.mappingrule.impl.rule.ExtensionMappingRule, AbstractMappingRule.java, 83, init Initialized extension.output:ExtensionMappingRule with cache disabled
2016-06-12 12:35:14.833, INFO, com.alibaba.citrus.service.mappingrule.impl.rule.DirectModuleMappingRule, AbstractMappingRule.java, 83, init Initialized action:DirectModuleMappingRule with cache disabled
2016-06-12 12:35:14.834, INFO, com.alibaba.citrus.service.mappingrule.impl.rule.DirectModuleMappingRule, AbstractMappingRule.java, 83, init Initialized screen.notemplate:DirectModuleMappingRule with cache disabled
2016-06-12 12:35:14.835, INFO, com.alibaba.citrus.service.mappingrule.impl.rule.FallbackModuleMappingRule, AbstractMappingRule.java, 83, init Initialized screen:FallbackModuleMappingRule with cache enabled
2016-06-12 12:35:14.837, INFO, com.alibaba.citrus.service.mappingrule.impl.rule.DirectTemplateMappingRule, AbstractMappingRule.java, 83, init Initialized screen.template:DirectTemplateMappingRule with cache disabled
2016-06-12 12:35:14.838, INFO, com.alibaba.citrus.service.mappingrule.impl.rule.FallbackTemplateMappingRule, AbstractMappingRule.java, 83, init Initialized layout.template:FallbackTemplateMappingRule with cache enabled
2016-06-12 12:35:14.839, INFO, com.alibaba.citrus.service.mappingrule.impl.rule.DirectModuleMappingRule, AbstractMappingRule.java, 83, init Initialized control.notemplate:DirectModuleMappingRule with cache disabled
2016-06-12 12:35:14.840, INFO, com.alibaba.citrus.service.mappingrule.impl.rule.FallbackModuleMappingRule, AbstractMappingRule.java, 83, init Initialized control:FallbackModuleMappingRule with cache enabled
2016-06-12 12:35:14.840, INFO, com.alibaba.citrus.service.mappingrule.impl.rule.DirectTemplateMappingRule, AbstractMappingRule.java, 83, init Initialized control.template:DirectTemplateMappingRule with cache disabled
2016-06-12 12:35:14.867, INFO, com.alibaba.citrus.service.pull.PullService, PullServiceImpl.java, 105, init Initialized pull service [key=PullService.pullService.1] with 16 pre-pulled tools, 9 pre-queued tools and 0 runtime tools
2016-06-12 12:35:15.011, INFO, com.alibaba.citrus.webx.context.WebxComponentsLoader, WebxComponentsLoader.java, 225, logInBothServletAndLoggingSystem Initializing Spring sub WebApplicationContext: login
2016-06-12 12:35:15.012, INFO, com.alibaba.citrus.webx.context.WebxComponentContext, AbstractApplicationContext.java, 510, prepareRefresh Refreshing WebApplicationContext for namespace 'login': startup date [Sun Jun 12 12:35:15 CST 2016]; parent: Root WebApplicationContext
2016-06-12 12:35:15.988, INFO, org.springframework.beans.factory.xml.XmlBeanDefinitionReader, XmlBeanDefinitionReader.java, 315, loadBeanDefinitions Loading XML bean definitions from Resource[WEB-INF/webx-login.xml, loaded by ResourceLoadingService]
2016-06-12 12:35:16.096, INFO, org.springframework.beans.factory.xml.XmlBeanDefinitionReader, XmlBeanDefinitionReader.java, 315, loadBeanDefinitions Loading XML bean definitions from Resource[WEB-INF/common/webx-component-and-root.xml, loaded by ResourceLoadingService]
2016-06-12 12:35:16.222, INFO, org.springframework.beans.factory.xml.XmlBeanDefinitionReader, XmlBeanDefinitionReader.java, 315, loadBeanDefinitions Loading XML bean definitions from Resource[WEB-INF/common/webx-component.xml, loaded by ResourceLoadingService]
2016-06-12 12:35:16.283, INFO, org.springframework.beans.factory.xml.XmlBeanDefinitionReader, XmlBeanDefinitionReader.java, 315, loadBeanDefinitions Loading XML bean definitions from Resource[WEB-INF/common/pipeline.xml, loaded by ResourceLoadingService]
2016-06-12 12:35:16.345, INFO, org.springframework.beans.factory.xml.XmlBeanDefinitionReader, XmlBeanDefinitionReader.java, 315, loadBeanDefinitions Loading XML bean definitions from Resource[WEB-INF/home/form.xml, loaded by ResourceLoadingService]
2016-06-12 12:35:16.436, INFO, com.alibaba.citrus.webx.context.WebxComponentContext, AbstractApplicationContext.java, 1374, postProcessAfterInitialization Bean '(inner bean)' of type [class com.alibaba.citrus.springext.util.SpringExtUtil$ConstructorArg] is not eligible for getting processed by all BeanPostProcessors (for example: not eligible for auto-proxying)
2016-06-12 12:35:16.438, INFO, com.alibaba.citrus.webx.context.WebxComponentContext, AbstractApplicationContext.java, 1374, postProcessAfterInitialization Bean '(inner bean)#1' of type [class com.alibaba.citrus.webx.config.impl.WebxConfigurationImpl$ComponentsConfigImpl] is not eligible for getting processed by all BeanPostProcessors (for example: not eligible for auto-proxying)
2016-06-12 12:35:16.439, INFO, com.alibaba.citrus.webx.config.WebxConfiguration, PropertiesConfigurationSupport.java, 79, init Application is running in Production Mode.
2016-06-12 12:35:16.440, INFO, com.alibaba.citrus.webx.context.WebxComponentContext, AbstractApplicationContext.java, 1374, postProcessAfterInitialization Bean 'webxConfiguration' of type [class com.alibaba.citrus.webx.config.impl.WebxConfigurationImpl] is not eligible for getting processed by all BeanPostProcessors (for example: not eligible for auto-proxying)
2016-06-12 12:35:16.440, INFO, com.alibaba.citrus.webx.context.WebxComponentContext, AbstractApplicationContext.java, 1374, postProcessAfterInitialization Bean '(inner bean)' of type [class com.alibaba.citrus.webx.config.impl.WebxConfigurationImpl] is not eligible for getting processed by all BeanPostProcessors (for example: not eligible for auto-proxying)
2016-06-12 12:35:16.443, INFO, com.alibaba.citrus.springext.support.context.InheritableListableBeanFactory, DefaultListableBeanFactory.java, 598, preInstantiateSingletons Pre-instantiating singletons in com.alibaba.citrus.springext.support.context.InheritableListableBeanFactory@1ab0b267: defining beans [org.springframework.context.annotation.internalConfigurationAnnotationProcessor,org.springframework.context.annotation.internalAutowiredAnnotationProcessor,org.springframework.context.annotation.internalRequiredAnnotationProcessor,org.springframework.context.annotation.internalCommonAnnotationProcessor,com.alibaba.citrus.service.configuration.support.PropertyPlaceholderConfigurer#0,templateService,mappingRuleService,dataResolverService,productionModeSensiblePostProcessor,webxConfiguration,pullService,pipeline,formService,module.screen.Index,module.screen.Login,moduleLoaderService,pageAuthorizationService,org.springframework.context.annotation.ConfigurationClassPostProcessor.importAwareProcessor]; parent: com.alibaba.citrus.springext.support.context.InheritableListableBeanFactory@6f6be0ed
2016-06-12 12:35:16.451, INFO, com.alibaba.citrus.service.velocity.VelocityEngine, Slf4jLogChute.java, 76, log SpringResourceLoaderAdapter : initialization starting.
2016-06-12 12:35:16.451, INFO, com.alibaba.citrus.service.velocity.VelocityEngine, Slf4jLogChute.java, 76, log SpringResourceLoaderAdapter : set path '/login/templates/'
2016-06-12 12:35:16.452, INFO, com.alibaba.citrus.service.velocity.VelocityEngine, Slf4jLogChute.java, 76, log SpringResourceLoaderAdapter : initialization complete.
2016-06-12 12:35:16.452, INFO, com.alibaba.citrus.service.velocity.VelocityEngine, Slf4jLogChute.java, 76, log PreloadedResourceLoader : initialization starting.
2016-06-12 12:35:16.453, INFO, com.alibaba.citrus.service.velocity.VelocityEngine, Slf4jLogChute.java, 76, log PreloadedResourceLoader : preloaded resources: {
  globalVMs/escape_macros.vm = class path resource [com/alibaba/citrus/service/velocity/support/escape_macros.vm]
}
2016-06-12 12:35:16.453, INFO, com.alibaba.citrus.service.velocity.VelocityEngine, Slf4jLogChute.java, 76, log PreloadedResourceLoader : initialization complete.
2016-06-12 12:35:16.476, INFO, com.alibaba.citrus.service.mappingrule.impl.rule.ExtensionMappingRule, AbstractMappingRule.java, 83, init Initialized extension.input:ExtensionMappingRule with cache disabled
2016-06-12 12:35:16.477, INFO, com.alibaba.citrus.service.mappingrule.impl.rule.ExtensionMappingRule, AbstractMappingRule.java, 83, init Initialized extension.output:ExtensionMappingRule with cache disabled
2016-06-12 12:35:16.500, INFO, com.alibaba.citrus.service.mappingrule.impl.rule.DirectModuleMappingRule, AbstractMappingRule.java, 83, init Initialized action:DirectModuleMappingRule with cache disabled
2016-06-12 12:35:16.501, INFO, com.alibaba.citrus.service.mappingrule.impl.rule.DirectModuleMappingRule, AbstractMappingRule.java, 83, init Initialized screen.notemplate:DirectModuleMappingRule with cache disabled
2016-06-12 12:35:16.502, INFO, com.alibaba.citrus.service.mappingrule.impl.rule.FallbackModuleMappingRule, AbstractMappingRule.java, 83, init Initialized screen:FallbackModuleMappingRule with cache enabled
2016-06-12 12:35:16.503, INFO, com.alibaba.citrus.service.mappingrule.impl.rule.DirectTemplateMappingRule, AbstractMappingRule.java, 83, init Initialized screen.template:DirectTemplateMappingRule with cache disabled
2016-06-12 12:35:16.504, INFO, com.alibaba.citrus.service.mappingrule.impl.rule.FallbackTemplateMappingRule, AbstractMappingRule.java, 83, init Initialized layout.template:FallbackTemplateMappingRule with cache enabled
2016-06-12 12:35:16.505, INFO, com.alibaba.citrus.service.mappingrule.impl.rule.DirectModuleMappingRule, AbstractMappingRule.java, 83, init Initialized control.notemplate:DirectModuleMappingRule with cache disabled
2016-06-12 12:35:16.506, INFO, com.alibaba.citrus.service.mappingrule.impl.rule.FallbackModuleMappingRule, AbstractMappingRule.java, 83, init Initialized control:FallbackModuleMappingRule with cache enabled
2016-06-12 12:35:16.506, INFO, com.alibaba.citrus.service.mappingrule.impl.rule.DirectTemplateMappingRule, AbstractMappingRule.java, 83, init Initialized control.template:DirectTemplateMappingRule with cache disabled
2016-06-12 12:35:16.521, INFO, com.alibaba.citrus.service.pull.PullService, PullServiceImpl.java, 105, init Initialized pull service [key=PullService.pullService.2] with 16 pre-pulled tools, 9 pre-queued tools and 0 runtime tools
2016-06-12 12:35:16.577, INFO, com.alibaba.citrus.webx.context.WebxComponentsLoader, WebxComponentsLoader.java, 225, logInBothServletAndLoggingSystem WebxComponents: initialization completed
2016-06-12 12:35:16.577, INFO, org.springframework.web.context.ContextLoader, ContextLoader.java, 313, initWebApplicationContext Root WebApplicationContext: initialization completed in 8186 ms
2016-06-12 12:35:16.601, INFO, com.alibaba.citrus.webx.servlet.SetLoggingContextFilter, FilterBean.java, 105, logInBothServletAndLoggingSystem Initializing filter: mdc
2016-06-12 12:35:16.603, INFO, com.alibaba.citrus.webx.servlet.SetLoggingContextFilter, FilterBean.java, 105, logInBothServletAndLoggingSystem SetLoggingContextFilter - mdc: initialization completed
2016-06-12 12:35:16.607, INFO, com.alibaba.citrus.webx.servlet.WebxFrameworkFilter, FilterBean.java, 105, logInBothServletAndLoggingSystem Initializing filter: webx
2016-06-12 12:35:16.616, INFO, com.alibaba.citrus.webx.servlet.WebxFrameworkFilter, FilterBean.java, 105, logInBothServletAndLoggingSystem WebxFrameworkFilter - webx: initialization completed
