2016-05-29 00:58:35.434, WARN, com.alibaba.citrus.webx.context.WebxComponentsContext, AbstractApplicationContext.java, 1052, doClose Exception thrown from ApplicationListener handling ContextClosedEvent
java.lang.IllegalStateException: ApplicationEventMulticaster not initialized - call 'refresh' before multicasting events via the context: Root WebApplicationContext: startup date [Sun May 29 00:58:26 CST 2016]; root of context hierarchy
	at org.springframework.context.support.AbstractApplicationContext.getApplicationEventMulticaster(AbstractApplicationContext.java:347) [spring-context-3.2.4.RELEASE.jar:3.2.4.RELEASE]
	at org.springframework.context.support.AbstractApplicationContext.publishEvent(AbstractApplicationContext.java:334) [spring-context-3.2.4.RELEASE.jar:3.2.4.RELEASE]
	at org.springframework.context.support.AbstractApplicationContext.doClose(AbstractApplicationContext.java:1049) [spring-context-3.2.4.RELEASE.jar:3.2.4.RELEASE]
	at org.springframework.context.support.AbstractApplicationContext.close(AbstractApplicationContext.java:1010) [spring-context-3.2.4.RELEASE.jar:3.2.4.RELEASE]
	at org.springframework.web.context.ContextLoader.closeWebApplicationContext(ContextLoader.java:559) [spring-web-3.2.4.RELEASE.jar:3.2.4.RELEASE]
	at org.springframework.web.context.ContextLoaderListener.contextDestroyed(ContextLoaderListener.java:143) [spring-web-3.2.4.RELEASE.jar:3.2.4.RELEASE]
	at org.mortbay.jetty.handler.ContextHandler.doStop(ContextHandler.java:600) [jetty-6.1.26.jar:6.1.26]
	at org.mortbay.jetty.webapp.WebAppContext.doStop(WebAppContext.java:537) [jetty-6.1.26.jar:6.1.26]
	at org.mortbay.jetty.plugin.Jetty6PluginWebAppContext.doStop(Jetty6PluginWebAppContext.java:123) [maven-jetty-plugin-6.1.26.jar:6.1.26]
	at org.mortbay.component.AbstractLifeCycle.stop(AbstractLifeCycle.java:76) [jetty-util-6.1.26.jar:6.1.26]
	at org.mortbay.jetty.plugin.AbstractJettyRunMojo.restartWebApp(AbstractJettyRunMojo.java:436) [maven-jetty-plugin-6.1.26.jar:6.1.26]
	at org.mortbay.jetty.plugin.AbstractJettyRunMojo$1.filesChanged(AbstractJettyRunMojo.java:419) [maven-jetty-plugin-6.1.26.jar:6.1.26]
	at org.mortbay.util.Scanner.reportBulkChanges(Scanner.java:486) [jetty-util-6.1.26.jar:6.1.26]
	at org.mortbay.util.Scanner.reportDifferences(Scanner.java:352) [jetty-util-6.1.26.jar:6.1.26]
	at org.mortbay.util.Scanner.scan(Scanner.java:280) [jetty-util-6.1.26.jar:6.1.26]
	at org.mortbay.util.Scanner$1.run(Scanner.java:232) [jetty-util-6.1.26.jar:6.1.26]
	at java.util.TimerThread.mainLoop(Timer.java:555) [na:1.7.0_79]
	at java.util.TimerThread.run(Timer.java:505) [na:1.7.0_79]
2016-05-29 00:58:35.441, WARN, com.alibaba.citrus.webx.context.WebxComponentsContext, AbstractApplicationContext.java, 1060, doClose Exception thrown from LifecycleProcessor on context close
java.lang.IllegalStateException: LifecycleProcessor not initialized - call 'refresh' before invoking lifecycle methods via the context: Root WebApplicationContext: startup date [Sun May 29 00:58:26 CST 2016]; root of context hierarchy
	at org.springframework.context.support.AbstractApplicationContext.getLifecycleProcessor(AbstractApplicationContext.java:360) [spring-context-3.2.4.RELEASE.jar:3.2.4.RELEASE]
	at org.springframework.context.support.AbstractApplicationContext.doClose(AbstractApplicationContext.java:1057) [spring-context-3.2.4.RELEASE.jar:3.2.4.RELEASE]
	at org.springframework.context.support.AbstractApplicationContext.close(AbstractApplicationContext.java:1010) [spring-context-3.2.4.RELEASE.jar:3.2.4.RELEASE]
	at org.springframework.web.context.ContextLoader.closeWebApplicationContext(ContextLoader.java:559) [spring-web-3.2.4.RELEASE.jar:3.2.4.RELEASE]
	at org.springframework.web.context.ContextLoaderListener.contextDestroyed(ContextLoaderListener.java:143) [spring-web-3.2.4.RELEASE.jar:3.2.4.RELEASE]
	at org.mortbay.jetty.handler.ContextHandler.doStop(ContextHandler.java:600) [jetty-6.1.26.jar:6.1.26]
	at org.mortbay.jetty.webapp.WebAppContext.doStop(WebAppContext.java:537) [jetty-6.1.26.jar:6.1.26]
	at org.mortbay.jetty.plugin.Jetty6PluginWebAppContext.doStop(Jetty6PluginWebAppContext.java:123) [maven-jetty-plugin-6.1.26.jar:6.1.26]
	at org.mortbay.component.AbstractLifeCycle.stop(AbstractLifeCycle.java:76) [jetty-util-6.1.26.jar:6.1.26]
	at org.mortbay.jetty.plugin.AbstractJettyRunMojo.restartWebApp(AbstractJettyRunMojo.java:436) [maven-jetty-plugin-6.1.26.jar:6.1.26]
	at org.mortbay.jetty.plugin.AbstractJettyRunMojo$1.filesChanged(AbstractJettyRunMojo.java:419) [maven-jetty-plugin-6.1.26.jar:6.1.26]
	at org.mortbay.util.Scanner.reportBulkChanges(Scanner.java:486) [jetty-util-6.1.26.jar:6.1.26]
	at org.mortbay.util.Scanner.reportDifferences(Scanner.java:352) [jetty-util-6.1.26.jar:6.1.26]
	at org.mortbay.util.Scanner.scan(Scanner.java:280) [jetty-util-6.1.26.jar:6.1.26]
	at org.mortbay.util.Scanner$1.run(Scanner.java:232) [jetty-util-6.1.26.jar:6.1.26]
	at java.util.TimerThread.mainLoop(Timer.java:555) [na:1.7.0_79]
	at java.util.TimerThread.run(Timer.java:505) [na:1.7.0_79]
